GET  /api/v1/blockchain - Sat May 18 2024 21:19:58 GMT+0200 (Central European Summer Time)
POST  /api/v1/blockchain/mine - Sat May 18 2024 21:20:12 GMT+0200 (Central European Summer Time)
POST  /api/v1/members/register - Sat May 18 2024 21:21:50 GMT+0200 (Central European Summer Time)
POST  /api/v1/blockchain/mine - Sat May 18 2024 21:23:13 GMT+0200 (Central European Summer Time)
POST  /api/v1/blockchain/mine - Sat May 18 2024 21:23:14 GMT+0200 (Central European Summer Time)
GET  /api/v1/blockchain - Sat May 18 2024 21:23:15 GMT+0200 (Central European Summer Time)
POST  /api/v1/blockchain/mine - Sat May 18 2024 21:27:11 GMT+0200 (Central European Summer Time)
GET  /api/v1/blockchain - Sat May 18 2024 21:27:13 GMT+0200 (Central European Summer Time)
GET  /api/v1/blockchain - Sat May 18 2024 22:12:34 GMT+0200 (Central European Summer Time)
GET  /api/v1/blockchain1 - Sat May 18 2024 22:12:45 GMT+0200 (Central European Summer Time)
GET  /api/v1/blockchain1 - Sat May 18 2024 22:17:36 GMT+0200 (Central European Summer Time)
GET  /api/v2/blockchain - Sat May 18 2024 22:20:21 GMT+0200 (Central European Summer Time)
GET  /api/v2/blockchain - Sat May 18 2024 22:22:09 GMT+0200 (Central European Summer Time)
GET  /api/v2/blockchain1 - Sat May 18 2024 22:23:14 GMT+0200 (Central European Summer Time)
GET  /api/v2/blockchain1 - Sat May 18 2024 23:35:21 GMT+0200 (Central European Summer Time)
GET  /api/v2/blockchain - Sat May 18 2024 23:35:27 GMT+0200 (Central European Summer Time)
GET  /api/v1/blockchain - Sat May 18 2024 23:35:34 GMT+0200 (Central European Summer Time)
GET  /api/v1/blockchain1 - Sat May 18 2024 23:36:22 GMT+0200 (Central European Summer Time)
GET  /api/v1/blockchain1 - Sat May 18 2024 23:37:07 GMT+0200 (Central European Summer Time)
GET  /api/v1/blockchain - Sat May 18 2024 23:54:01 GMT+0200 (Central European Summer Time)
POST  /api/v1/blockchain/mine - Sat May 18 2024 23:54:19 GMT+0200 (Central European Summer Time)
POST  /api/v1/blockchain/mine - Sat May 18 2024 23:54:38 GMT+0200 (Central European Summer Time)
POST  /api/v1/blockchain/mine - Sat May 18 2024 23:56:33 GMT+0200 (Central European Summer Time)
POST  /api/v1/blockchain/mine - Sat May 18 2024 23:58:57 GMT+0200 (Central European Summer Time)
POST  /api/v1/blockchain/mine - Sun May 19 2024 00:00:48 GMT+0200 (Central European Summer Time)
POST  /api/v1/blockchain/mine - Sun May 19 2024 00:01:03 GMT+0200 (Central European Summer Time)
POST  /api/v1/blockchain/mine - Sun May 19 2024 00:01:31 GMT+0200 (Central European Summer Time)
POST  /api/v1/blockchain/mine - Sun May 19 2024 00:03:15 GMT+0200 (Central European Summer Time)
POST  /api/v1/blockchain/mine - Sun May 19 2024 00:03:50 GMT+0200 (Central European Summer Time)
POST  /api/v1/blockchain/mine - Sun May 19 2024 00:03:51 GMT+0200 (Central European Summer Time)
POST  /api/v1/blockchain/mine - Sun May 19 2024 00:03:52 GMT+0200 (Central European Summer Time)
POST  /api/v1/blockchain/mine - Sun May 19 2024 00:04:12 GMT+0200 (Central European Summer Time)
GET  /api/v1/blockchain - Sun May 19 2024 00:04:16 GMT+0200 (Central European Summer Time)
GET  /api/v1/blockchain - Sun May 19 2024 00:04:20 GMT+0200 (Central European Summer Time)
POST  /api/v1/blockchain/mine - Sun May 19 2024 00:04:25 GMT+0200 (Central European Summer Time)
POST  /api/v1/blockchain/mine - Sun May 19 2024 00:13:47 GMT+0200 (Central European Summer Time)
POST  /api/v1/blockchain/mine - Sun May 19 2024 00:16:08 GMT+0200 (Central European Summer Time)
POST  /api/v1/blockchain/mine - Sun May 19 2024 00:16:57 GMT+0200 (Central European Summer Time)
POST  /api/v1/blockchain/mine - Sun May 19 2024 00:17:16 GMT+0200 (Central European Summer Time)
POST  /api/v1/blockchain/mine - Sun May 19 2024 00:17:38 GMT+0200 (Central European Summer Time)
POST  /api/v1/blockchain/mine - Sun May 19 2024 00:17:46 GMT+0200 (Central European Summer Time)
GET  /api/v1/blockchain - Sun May 19 2024 00:18:02 GMT+0200 (Central European Summer Time)
POST  /api/v1/blockchain/mine - Sun May 19 2024 00:18:06 GMT+0200 (Central European Summer Time)
GET  /api/v1/blockchain - Sun May 19 2024 00:18:10 GMT+0200 (Central European Summer Time)
GET  /api/v1/blockchain - Sun May 19 2024 00:18:47 GMT+0200 (Central European Summer Time)
GET  /api/v1/blockchain - Sun May 19 2024 00:18:49 GMT+0200 (Central European Summer Time)
POST  /api/v1/blockchain/mine - Sun May 19 2024 00:18:54 GMT+0200 (Central European Summer Time)
GET  /api/v1/blockchain - Sun May 19 2024 00:18:58 GMT+0200 (Central European Summer Time)
POST  /api/v1/blockchain/mine - Sun May 19 2024 00:19:03 GMT+0200 (Central European Summer Time)
GET  /api/v1/blockchain - Sun May 19 2024 00:19:06 GMT+0200 (Central European Summer Time)
GET  /api/v1/blockchain - Sun May 19 2024 00:19:19 GMT+0200 (Central European Summer Time)
POST  /api/v1/blockchain/mine - Sun May 19 2024 00:19:21 GMT+0200 (Central European Summer Time)
POST  /api/v1/blockchain/mine - Sun May 19 2024 00:19:23 GMT+0200 (Central European Summer Time)
POST  /api/v1/blockchain/mine - Sun May 19 2024 00:19:24 GMT+0200 (Central European Summer Time)
GET  /api/v1/blockchain - Sun May 19 2024 00:19:27 GMT+0200 (Central European Summer Time)
GET  /api/v1/blockchain - Sun May 19 2024 00:52:45 GMT+0200 (Central European Summer Time)
POST  /api/v1/blockchain/mine - Sun May 19 2024 00:52:50 GMT+0200 (Central European Summer Time)
GET  /api/v1/blockchain - Sun May 19 2024 00:55:45 GMT+0200 (Central European Summer Time)
POST  /api/v1/blockchain/mine - Sun May 19 2024 00:55:49 GMT+0200 (Central European Summer Time)
POST  /api/v1/blockchain/mine - Sun May 19 2024 00:56:02 GMT+0200 (Central European Summer Time)
GET  /api/v1/blockchain - Sun May 19 2024 00:56:06 GMT+0200 (Central European Summer Time)
GET  /api/v1/blockchain - Sun May 19 2024 00:56:08 GMT+0200 (Central European Summer Time)
POST  /api/v1/blockchain/mine - Sun May 19 2024 00:56:11 GMT+0200 (Central European Summer Time)
GET  /api/v1/blockchain - Sun May 19 2024 00:57:55 GMT+0200 (Central European Summer Time)
POST  /api/v1/blockchain/mine - Sun May 19 2024 00:58:02 GMT+0200 (Central European Summer Time)
GET  /api/v1/blockchain - Sun May 19 2024 00:58:17 GMT+0200 (Central European Summer Time)
POST  /api/v1/blockchain/mine - Sun May 19 2024 00:58:20 GMT+0200 (Central European Summer Time)
GET  /api/v1/blockchain - Sun May 19 2024 00:59:22 GMT+0200 (Central European Summer Time)
POST  /api/v1/blockchain/mine - Sun May 19 2024 00:59:30 GMT+0200 (Central European Summer Time)
GET  /api/v1/blockchain - Sun May 19 2024 00:59:44 GMT+0200 (Central European Summer Time)
POST  /api/v1/blockchain/mine - Sun May 19 2024 00:59:50 GMT+0200 (Central European Summer Time)
POST  /api/v1/blockchain/mine - Sun May 19 2024 00:59:52 GMT+0200 (Central European Summer Time)
GET  /api/v1/blockchain - Sun May 19 2024 00:59:56 GMT+0200 (Central European Summer Time)
GET  /api/v1/blockchain - Sun May 19 2024 01:02:22 GMT+0200 (Central European Summer Time)
POST  /api/v1/members/register - Sun May 19 2024 01:02:26 GMT+0200 (Central European Summer Time)
POST  /api/v1/members/register - Sun May 19 2024 01:02:35 GMT+0200 (Central European Summer Time)
POST  /api/v1/members/register - Sun May 19 2024 01:02:35 GMT+0200 (Central European Summer Time)
POST  /api/v1/members/register - Sun May 19 2024 01:02:35 GMT+0200 (Central European Summer Time)
POST  /api/v1/members/register - Sun May 19 2024 01:02:35 GMT+0200 (Central European Summer Time)
POST  /api/v1/members/register - Sun May 19 2024 01:02:35 GMT+0200 (Central European Summer Time)
GET  /api/v1/members - Sun May 19 2024 01:02:38 GMT+0200 (Central European Summer Time)
GET  /api/v1/blockchain - Sun May 19 2024 01:02:43 GMT+0200 (Central European Summer Time)
GET  /api/v1/blockchain - Sun May 19 2024 01:02:45 GMT+0200 (Central European Summer Time)
POST  /api/v1/blockchain/mine - Sun May 19 2024 01:02:51 GMT+0200 (Central European Summer Time)
POST  /api/v1/blockchain/block/broadcast - Sun May 19 2024 01:02:51 GMT+0200 (Central European Summer Time)
GET  /api/v1/blockchain - Sun May 19 2024 01:02:58 GMT+0200 (Central European Summer Time)
POST  /api/v1/blockchain/mine - Sun May 19 2024 01:03:10 GMT+0200 (Central European Summer Time)
GET  /api/v1/blockchain - Sun May 19 2024 01:03:14 GMT+0200 (Central European Summer Time)
GET  /api/v1/blockchain - Sun May 19 2024 01:04:19 GMT+0200 (Central European Summer Time)
GET  /api/v1/blockchain - Sun May 19 2024 01:04:22 GMT+0200 (Central European Summer Time)
POST  /api/v1/blockchain/mine - Sun May 19 2024 01:04:31 GMT+0200 (Central European Summer Time)
GET  /api/v1/blockchain - Sun May 19 2024 01:04:37 GMT+0200 (Central European Summer Time)
POST  /api/v1/blockchain/mine - Sun May 19 2024 01:04:41 GMT+0200 (Central European Summer Time)
GET  /api/v1/blockchain - Sun May 19 2024 01:04:44 GMT+0200 (Central European Summer Time)
GET  /api/v1/blockchain - Sun May 19 2024 01:05:27 GMT+0200 (Central European Summer Time)
POST  /api/v1/blockchain/mine - Sun May 19 2024 01:05:39 GMT+0200 (Central European Summer Time)
GET  /api/v1/blockchain - Sun May 19 2024 01:05:46 GMT+0200 (Central European Summer Time)
POST  /api/v1/blockchain/mine - Sun May 19 2024 01:05:55 GMT+0200 (Central European Summer Time)
POST  /api/v1/blockchain/mine - Sun May 19 2024 01:06:04 GMT+0200 (Central European Summer Time)
GET  /api/v1/blockchain - Sun May 19 2024 01:07:51 GMT+0200 (Central European Summer Time)
POST  /api/v1/blockchain/mine - Sun May 19 2024 01:08:00 GMT+0200 (Central European Summer Time)
GET  /api/v1/blockchain - Sun May 19 2024 01:08:06 GMT+0200 (Central European Summer Time)
POST  /api/v1/blockchain/mine - Sun May 19 2024 01:08:10 GMT+0200 (Central European Summer Time)
GET  /api/v1/blockchain - Sun May 19 2024 01:08:13 GMT+0200 (Central European Summer Time)
GET  /api/v1/blockchain - Sun May 19 2024 01:12:00 GMT+0200 (Central European Summer Time)
POST  /api/v1/blockchain/mine - Sun May 19 2024 01:12:09 GMT+0200 (Central European Summer Time)
GET  /api/v1/blockchain - Sun May 19 2024 01:12:12 GMT+0200 (Central European Summer Time)
GET  /api/v1/blockchain - Sun May 19 2024 01:14:24 GMT+0200 (Central European Summer Time)
POST  /api/v1/blockchain/mine - Sun May 19 2024 01:14:34 GMT+0200 (Central European Summer Time)
GET  /api/v1/blockchain - Sun May 19 2024 01:14:38 GMT+0200 (Central European Summer Time)
POST  /api/v1/blockchain/mine - Sun May 19 2024 01:14:55 GMT+0200 (Central European Summer Time)
GET  /api/v1/blockchain - Sun May 19 2024 01:15:26 GMT+0200 (Central European Summer Time)
POST  /api/v1/blockchain/mine - Sun May 19 2024 01:15:30 GMT+0200 (Central European Summer Time)
POST  /api/v1/blockchain/mine - Sun May 19 2024 01:15:33 GMT+0200 (Central European Summer Time)
POST  /api/v1/blockchain/mine - Sun May 19 2024 01:15:34 GMT+0200 (Central European Summer Time)
POST  /api/v1/blockchain/mine - Sun May 19 2024 01:15:51 GMT+0200 (Central European Summer Time)
GET  /api/v1/blockchain - Sun May 19 2024 01:16:06 GMT+0200 (Central European Summer Time)
POST  /api/v1/blockchain/mine - Sun May 19 2024 01:17:05 GMT+0200 (Central European Summer Time)
GET  /api/v1/blockchain - Sun May 19 2024 01:17:07 GMT+0200 (Central European Summer Time)
POST  /api/v1/members/register - Sun May 19 2024 01:18:14 GMT+0200 (Central European Summer Time)
GET  /api/v1/blockchain - Sun May 19 2024 01:43:05 GMT+0200 (Central European Summer Time)
GET  /api/v1/blockchain - Sun May 19 2024 01:43:08 GMT+0200 (Central European Summer Time)
POST  /api/v1/members/register - Sun May 19 2024 01:43:12 GMT+0200 (Central European Summer Time)
POST  /api/v1/members/register - Sun May 19 2024 01:43:12 GMT+0200 (Central European Summer Time)
POST  /api/v1/members/register - Sun May 19 2024 01:43:12 GMT+0200 (Central European Summer Time)
POST  /api/v1/members/register - Sun May 19 2024 01:43:12 GMT+0200 (Central European Summer Time)
POST  /api/v1/members/register - Sun May 19 2024 01:43:12 GMT+0200 (Central European Summer Time)
GET  /api/v1/members - Sun May 19 2024 01:43:14 GMT+0200 (Central European Summer Time)
GET  /api/v1/blockchain - Sun May 19 2024 01:43:17 GMT+0200 (Central European Summer Time)
GET  /api/v1/blockchain - Sun May 19 2024 01:43:19 GMT+0200 (Central European Summer Time)
POST  /api/v1/blockchain/mine - Sun May 19 2024 01:43:25 GMT+0200 (Central European Summer Time)
POST  /api/v1/blockchain/block/broadcast - Sun May 19 2024 01:43:26 GMT+0200 (Central European Summer Time)
GET  /api/v1/blockchain - Sun May 19 2024 01:43:29 GMT+0200 (Central European Summer Time)
GET  /api/v1/blockchain - Sun May 19 2024 01:43:32 GMT+0200 (Central European Summer Time)
POST  /api/v1/blockchain/mine - Sun May 19 2024 01:43:46 GMT+0200 (Central European Summer Time)
POST  /api/v1/blockchain/block/broadcast - Sun May 19 2024 01:43:46 GMT+0200 (Central European Summer Time)
POST  /api/v1/blockchain/mine - Sun May 19 2024 01:44:25 GMT+0200 (Central European Summer Time)
POST  /api/v1/blockchain/block/broadcast - Sun May 19 2024 01:44:25 GMT+0200 (Central European Summer Time)
GET  /api/v1/blockchain - Sun May 19 2024 01:44:51 GMT+0200 (Central European Summer Time)
GET  /api/v1/blockchain - Sun May 19 2024 01:44:55 GMT+0200 (Central European Summer Time)
POST  /api/v1/blockchain/mine - Sun May 19 2024 01:45:37 GMT+0200 (Central European Summer Time)
POST  /api/v1/blockchain/block/broadcast - Sun May 19 2024 01:45:37 GMT+0200 (Central European Summer Time)
GET  /api/v1/blockchain - Sun May 19 2024 01:45:39 GMT+0200 (Central European Summer Time)
POST  /api/v1/blockchain/mine - Sun May 19 2024 01:46:03 GMT+0200 (Central European Summer Time)
POST  /api/v1/blockchain/block/broadcast - Sun May 19 2024 01:46:03 GMT+0200 (Central European Summer Time)
